Exp-5/app/build/intermediates/manifest_merge_blame_file/debug/processDebugMainManifest/manifest-merger-blame-debug-report.txt
1<?xml version="1.0" encoding="utf-8"?>
2<manifest xmlns:android="http://schemas.android.com/apk/res/android"
3    package="com.example.notificationapp"
4    android:versionCode="1"
5    android:versionName="1.0" >
6
7    <uses-sdk
7-->INJECTED
8        android:minSdkVersion="24"
8-->INJECTED
9        android:targetSdkVersion="34" />
9-->INJECTED
10
11    <uses-permission android:name="android.permission.POST_NOTIFICATIONS" />
11-->src\main\AndroidManifest.xml:4:5-77
11-->src\main\AndroidManifest.xml:4:22-74
12
13    <permission
13-->[androidx.core:core:1.13.1] AndroidManifest.xml:22:5-24:47
14        android:name="com.example.notificationapp.DYNAMIC_RECEIVER_NOT_EXPORTED_PERMISSION"
14-->[androidx.core:core:1.13.1] AndroidManifest.xml:23:9-81
15        android:protectionLevel="signature" />
15-->[androidx.core:core:1.13.1] AndroidManifest.xml:24:9-44
16
17    <uses-permission android:name="com.example.notificationapp.DYNAMIC_RECEIVER_NOT_EXPORTED_PERMISSION" />
17-->[androidx.core:core:1.13.1] AndroidManifest.xml:26:5-97
17-->[androidx.core:core:1.13.1] AndroidManifest.xml:26:22-94
18
19    <application
19-->src\main\AndroidManifest.xml:6:5-26:19
20        android:allowBackup="true"
20-->src\main\AndroidManifest.xml:7:9-35
21        android:appComponentFactory="androidx.core.app.CoreComponentFactory"
21-->[androidx.core:core:1.13.1] AndroidManifest.xml:28:18-86
22        android:debuggable="true"
23        android:extractNativeLibs="false"
23-->INJECTED
24        android:label="Notification App"
24-->src\main\AndroidManifest.xml:8:9-41
25        android:supportsRtl="true"
25-->src\main\AndroidManifest.xml:9:9-35
26        android:testOnly="true"
27        android:theme="@style/Theme.AppCompat.Light.NoActionBar" >
27-->src\main\AndroidManifest.xml:10:9-65
28        <activity
28-->src\main\AndroidManifest.xml:12:9-19:20
29            android:name="com.example.notificationapp.LoginActivity"
29-->src\main\AndroidManifest.xml:13:13-42
30            android:exported="true" >
30-->src\main\AndroidManifest.xml:14:13-36
31            <intent-filter>
31-->src\main\AndroidManifest.xml:15:13-18:29
32                <action android:name="android.intent.action.MAIN" />
32-->src\main\AndroidManifest.xml:16:17-69
32-->src\main\AndroidManifest.xml:16:25-66
33
34                <category android:name="android.intent.category.LAUNCHER" />
34-->src\main\AndroidManifest.xml:17:17-77
34-->src\main\AndroidManifest.xml:17:27-74
35            </intent-filter>
36        </activity>
37        <activity android:name="com.example.notificationapp.DashboardActivity" />
37-->src\main\AndroidManifest.xml:21:9-55
37-->src\main\AndroidManifest.xml:21:19-52
38        <activity android:name="com.example.notificationapp.HomeActivity" />
38-->src\main\AndroidManifest.xml:22:9-50
38-->src\main\AndroidManifest.xml:22:19-47
39        <activity android:name="com.example.notificationapp.StudentDetailsActivity" />
39-->src\main\AndroidManifest.xml:23:9-60
39-->src\main\AndroidManifest.xml:23:19-57
40        <activity android:name="com.example.notificationapp.AccountActivity" />
40-->src\main\AndroidManifest.xml:24:9-53
40-->src\main\AndroidManifest.xml:24:19-50
41
42        <provider
42-->[androidx.emoji2:emoji2:1.3.0] AndroidManifest.xml:24:9-32:20
43            android:name="androidx.startup.InitializationProvider"
43-->[androidx.emoji2:emoji2:1.3.0] AndroidManifest.xml:25:13-67
44            android:authorities="com.example.notificationapp.androidx-startup"
44-->[androidx.emoji2:emoji2:1.3.0] AndroidManifest.xml:26:13-68
45            android:exported="false" >
45-->[androidx.emoji2:emoji2:1.3.0] AndroidManifest.xml:27:13-37
46            <meta-data
46-->[androidx.emoji2:emoji2:1.3.0] AndroidManifest.xml:29:13-31:52
47                android:name="androidx.emoji2.text.EmojiCompatInitializer"
47-->[androidx.emoji2:emoji2:1.3.0] AndroidManifest.xml:30:17-75
48                android:value="androidx.startup" />
48-->[androidx.emoji2:emoji2:1.3.0] AndroidManifest.xml:31:17-49
49            <meta-data
49-->[androidx.lifecycle:lifecycle-process:2.8.2] AndroidManifest.xml:29:13-31:52
50                android:name="androidx.lifecycle.ProcessLifecycleInitializer"
50-->[androidx.lifecycle:lifecycle-process:2.8.2] AndroidManifest.xml:30:17-78
51                android:value="androidx.startup" />
51-->[androidx.lifecycle:lifecycle-process:2.8.2] AndroidManifest.xml:31:17-49
52            <meta-data
52-->[androidx.profileinstaller:profileinstaller:1.3.1] AndroidManifest.xml:29:13-31:52
53                android:name="androidx.profileinstaller.ProfileInstallerInitializer"
53-->[androidx.profileinstaller:profileinstaller:1.3.1] AndroidManifest.xml:30:17-85
54                android:value="androidx.startup" />
54-->[androidx.profileinstaller:profileinstaller:1.3.1] AndroidManifest.xml:31:17-49
55        </provider>
56
57        <receiver
57-->[androidx.profileinstaller:profileinstaller:1.3.1] AndroidManifest.xml:34:9-52:20
58            android:name="androidx.profileinstaller.ProfileInstallReceiver"
58-->[androidx.profileinstaller:profileinstaller:1.3.1] AndroidManifest.xml:35:13-76
59            android:directBootAware="false"
59-->[androidx.profileinstaller:profileinstaller:1.3.1] AndroidManifest.xml:36:13-44
60            android:enabled="true"
60-->[androidx.profileinstaller:profileinstaller:1.3.1] AndroidManifest.xml:37:13-35
61            android:exported="true"
61-->[androidx.profileinstaller:profileinstaller:1.3.1] AndroidManifest.xml:38:13-36
62            android:permission="android.permission.DUMP" >
62-->[androidx.profileinstaller:profileinstaller:1.3.1] AndroidManifest.xml:39:13-57
63            <intent-filter>
63-->[androidx.profileinstaller:profileinstaller:1.3.1] AndroidManifest.xml:40:13-42:29
64                <action android:name="androidx.profileinstaller.action.INSTALL_PROFILE" />
64-->[androidx.profileinstaller:profileinstaller:1.3.1] AndroidManifest.xml:41:17-91
64-->[androidx.profileinstaller:profileinstaller:1.3.1] AndroidManifest.xml:41:25-88
65            </intent-filter>
66            <intent-filter>
66-->[androidx.profileinstaller:profileinstaller:1.3.1] AndroidManifest.xml:43:13-45:29
67                <action android:name="androidx.profileinstaller.action.SKIP_FILE" />
67-->[androidx.profileinstaller:profileinstaller:1.3.1] AndroidManifest.xml:44:17-85
67-->[androidx.profileinstaller:profileinstaller:1.3.1] AndroidManifest.xml:44:25-82
68            </intent-filter>
69            <intent-filter>
69-->[androidx.profileinstaller:profileinstaller:1.3.1] AndroidManifest.xml:46:13-48:29
70                <action android:name="androidx.profileinstaller.action.SAVE_PROFILE" />
70-->[androidx.profileinstaller:profileinstaller:1.3.1] AndroidManifest.xml:47:17-88
70-->[androidx.profileinstaller:profileinstaller:1.3.1] AndroidManifest.xml:47:25-85
71            </intent-filter>
72            <intent-filter>
72-->[androidx.profileinstaller:profileinstaller:1.3.1] AndroidManifest.xml:49:13-51:29
73                <action android:name="androidx.profileinstaller.action.BENCHMARK_OPERATION" />
73-->[androidx.profileinstaller:profileinstaller:1.3.1] AndroidManifest.xml:50:17-95
73-->[androidx.profileinstaller:profileinstaller:1.3.1] AndroidManifest.xml:50:25-92
74            </intent-filter>
75        </receiver>
76    </application>
77
78</manifest>